<?xml version="1.0" encoding="UTF-8"?>
<!-- Generated by org.testng.reporters.JUnitReportReporter -->
<testsuite hostname="DESKTOP-E6O2DFS" failures="0" tests="1" name="testCases.Test_1" time="35.002" errors="0" timestamp="2021-11-29T17:04:18 AEDT" skipped="0">
  <testcase classname="testCases.Test_1" name="testcase_1" time="35.002"/>
  <system-out/>
</testsuite> <!-- testCases.Test_1 -->
