<?xml version="1.0" encoding="UTF-8"?>
<!-- Generated by org.testng.reporters.JUnitReportReporter -->
<testsuite hostname="DESKTOP-E6O2DFS" failures="0" tests="1" name="testCases.Test_3" time="4.851" errors="0" timestamp="2021-11-01T12:46:38 AEDT" skipped="0">
  <testcase classname="testCases.Test_3" name="testcase_3" time="4.851"/>
  <system-out/>
</testsuite> <!-- testCases.Test_3 -->
