<?xml version="1.0" encoding="UTF-8"?>
<!-- Generated by org.testng.reporters.JUnitReportReporter -->
<testsuite hostname="DESKTOP-E6O2DFS" failures="0" tests="1" name="testCases.Test_2" time="6.615" errors="0" timestamp="2021-11-01T12:38:11 AEDT" skipped="0">
  <testcase classname="testCases.Test_2" name="testcase_2" time="6.615"/>
  <system-out/>
</testsuite> <!-- testCases.Test_2 -->
