<?xml version="1.0" encoding="UTF-8"?>
<!-- Generated by org.testng.reporters.JUnitReportReporter -->
<testsuite hostname="DESKTOP-E6O2DFS" failures="0" tests="1" name="testCases.Test_4" time="4.937" errors="0" timestamp="2021-11-01T13:18:08 AEDT" skipped="0">
  <testcase classname="testCases.Test_4" name="testcase_4" time="4.937"/>
  <system-out/>
</testsuite> <!-- testCases.Test_4 -->
